<?xml version="1.0" encoding="UTF-8"?>
<!-- Generated by org.testng.reporters.JUnitReportReporter -->
<testsuite hostname="MLI-LAP-169" failures="0" tests="2" name="grid.TestParallel" time="42.278" errors="0" timestamp="01 Sep 2022 13:33:18 GMT" skipped="0">
  <testcase classname="grid.TestParallel" name="doLogin" time="19.811"/>
  <testcase classname="grid.TestParallel" name="doLogin" time="22.467"/>
</testsuite> <!-- grid.TestParallel -->
